<?xml version="1.0" encoding="UTF-8"?>
<!-- Generated by org.testng.reporters.JUnitReportReporter -->
<testsuite skipped="0" hostname="Mahesh-PC" name="jenkins.Jenk" tests="1" failures="0" timestamp="13 Nov 2017 11:31:50 GMT" time="0.072" errors="0">
  <testcase name="hello" time="0.072" classname="jenkins.Jenk"/>
</testsuite> <!-- jenkins.Jenk -->
