<?xml version="1.0" encoding="UTF-8"?>
<!-- Generated by org.testng.reporters.JUnitReportReporter -->
<testsuite skipped="0" hostname="Mahesh-PC" name="ExtendRepo.ExtentRepoDemo" tests="1" failures="0" timestamp="05 Dec 2017 18:36:46 GMT" time="76.529" errors="0">
  <testcase name="veriftTittle" time="76.529" classname="ExtendRepo.ExtentRepoDemo"/>
</testsuite> <!-- ExtendRepo.ExtentRepoDemo -->
